  Input.c
d:\win_user\user1\documents\visual studio 2015\projects\265 - homework 7 - strings\265 - homework 7 - strings\input.c(22): warning C4996: 'scanf': This function or variable may be unsafe. Consider using scanf_s instead. To disable deprecation, use _CRT_SECURE_NO_WARNINGS. See online help for details.
  c:\program files (x86)\windows kits\10\include\10.0.10240.0\ucrt\stdio.h(1270): note: see declaration of 'scanf'
d:\win_user\user1\documents\visual studio 2015\projects\265 - homework 7 - strings\265 - homework 7 - strings\input.c(30): warning C4996: 'scanf': This function or variable may be unsafe. Consider using scanf_s instead. To disable deprecation, use _CRT_SECURE_NO_WARNINGS. See online help for details.
  c:\program files (x86)\windows kits\10\include\10.0.10240.0\ucrt\stdio.h(1270): note: see declaration of 'scanf'
d:\win_user\user1\documents\visual studio 2015\projects\265 - homework 7 - strings\265 - homework 7 - strings\input.c(37): warning C4996: 'strcpy': This function or variable may be unsafe. Consider using strcpy_s instead. To disable deprecation, use _CRT_SECURE_NO_WARNINGS. See online help for details.
  c:\program files (x86)\windows kits\10\include\10.0.10240.0\ucrt\string.h(119): note: see declaration of 'strcpy'
d:\win_user\user1\documents\visual studio 2015\projects\265 - homework 7 - strings\265 - homework 7 - strings\input.c(73): warning C4996: 'strcpy': This function or variable may be unsafe. Consider using strcpy_s instead. To disable deprecation, use _CRT_SECURE_NO_WARNINGS. See online help for details.
  c:\program files (x86)\windows kits\10\include\10.0.10240.0\ucrt\string.h(119): note: see declaration of 'strcpy'
  Ex18.c
d:\win_user\user1\documents\visual studio 2015\projects\265 - homework 7 - strings\265 - homework 7 - strings\ex18.c(43): warning C4996: 'scanf': This function or variable may be unsafe. Consider using scanf_s instead. To disable deprecation, use _CRT_SECURE_NO_WARNINGS. See online help for details.
  c:\program files (x86)\windows kits\10\include\10.0.10240.0\ucrt\stdio.h(1270): note: see declaration of 'scanf'
  Ex1.c
d:\win_user\user1\documents\visual studio 2015\projects\265 - homework 7 - strings\265 - homework 7 - strings\ex1.c(49): warning C4996: 'strcpy': This function or variable may be unsafe. Consider using strcpy_s instead. To disable deprecation, use _CRT_SECURE_NO_WARNINGS. See online help for details.
  c:\program files (x86)\windows kits\10\include\10.0.10240.0\ucrt\string.h(119): note: see declaration of 'strcpy'
d:\win_user\user1\documents\visual studio 2015\projects\265 - homework 7 - strings\265 - homework 7 - strings\ex1.c(53): warning C4996: 'strcpy': This function or variable may be unsafe. Consider using strcpy_s instead. To disable deprecation, use _CRT_SECURE_NO_WARNINGS. See online help for details.
  c:\program files (x86)\windows kits\10\include\10.0.10240.0\ucrt\string.h(119): note: see declaration of 'strcpy'
  Driver.c
  Generating Code...
  265 - Homework 7 - strings.vcxproj -> D:\win_user\User1\documents\visual studio 2015\Projects\265 - Homework 7 - strings\Debug\265 - Homework 7 - strings.exe
  265 - Homework 7 - strings.vcxproj -> D:\win_user\User1\documents\visual studio 2015\Projects\265 - Homework 7 - strings\Debug\265 - Homework 7 - strings.pdb (Full PDB)
